<?xml version="1.0" encoding="UTF-8"?>
<!-- Generated by org.testng.reporters.JUnitReportReporter -->
<testsuite hostname="bon-nu-laptop" failures="0" tests="2" name="com.crm.qa.testcases.WelcomePageTest" time="13.703" errors="0" timestamp="2023-01-11T15:10:31 EST" skipped="0">
  <testcase classname="com.crm.qa.testcases.WelcomePageTest" name="WelcomePageTitleTest" time="5.808"/>
  <system-out/>
  <testcase classname="com.crm.qa.testcases.WelcomePageTest" name="ClickOnWelcomeBtnTest" time="7.895"/>
  <system-out/>
</testsuite> <!-- com.crm.qa.testcases.WelcomePageTest -->
