<?xml version="1.0" encoding="UTF-8"?>
<!-- Generated by org.testng.reporters.JUnitReportReporter -->
<testsuite hostname="bon-nu-laptop" failures="0" tests="4" name="com.crm.qa.testcases.LogInpageTest" time="36.374" errors="0" timestamp="2023-01-11T15:05:54 EST" skipped="0">
  <testcase classname="com.crm.qa.testcases.LogInpageTest" name="LogInPagetitleTest" time="9.269"/>
  <system-out/>
  <testcase classname="com.crm.qa.testcases.LogInpageTest" name="LogIntest" time="9.728"/>
  <system-out/>
  <testcase classname="com.crm.qa.testcases.LogInpageTest" name="LogIntest" time="8.666"/>
  <system-out/>
  <testcase classname="com.crm.qa.testcases.LogInpageTest" name="LogIntest" time="8.711"/>
  <system-out/>
</testsuite> <!-- com.crm.qa.testcases.LogInpageTest -->
